  [1m[35m (0.4ms)[0m  [1m[35mCREATE TABLE "schema_migrations" ("version" varchar NOT NULL PRIMARY KEY)[0m
  [1m[35m (0.1ms)[0m  [1m[35mCREATE TABLE "ar_internal_metadata" ("key" varchar NOT NULL PRIMARY KEY, "value" varchar, "created_at" datetime(6) NOT NULL, "updated_at" datetime(6) NOT NULL)[0m
  [1m[36mActiveRecord::InternalMetadata Load (0.0ms)[0m  [1m[34mSELECT * FROM "ar_internal_metadata" WHERE "ar_internal_metadata"."key" = ? ORDER BY "ar_internal_metadata"."key" ASC LIMIT 1[0m  [[nil, "environment"]]
  [1m[36mActiveRecord::InternalMetadata Create (0.1ms)[0m  [1m[32mINSERT INTO "ar_internal_metadata" ("key", "value", "created_at", "updated_at") VALUES ('environment', 'development', '2024-02-12 11:21:44.842259', '2024-02-12 11:21:44.842261') RETURNING "key"[0m
  [1m[36mActiveRecord::SchemaMigration Load (0.0ms)[0m  [1m[34mSELECT "schema_migrations"."version" FROM "schema_migrations" ORDER BY "schema_migrations"."version" ASC[0m
Migrating to CreateUsers (20240212111919)
  [1m[36mTRANSACTION (0.0ms)[0m  [1m[36mbegin transaction[0m
  [1m[35m (0.4ms)[0m  [1m[35mCREATE TABLE "users" ("id" integer PRIMARY KEY AUTOINCREMENT NOT NULL, "name" varchar, "email" varchar, "password" varchar, "image_name" varchar, "created_at" datetime(6) NOT NULL, "updated_at" datetime(6) NOT NULL)[0m
  [1m[36mActiveRecord::SchemaMigration Create (0.0ms)[0m  [1m[32mINSERT INTO "schema_migrations" ("version") VALUES ('20240212111919') RETURNING "version"[0m
  [1m[36mTRANSACTION (0.0ms)[0m  [1m[36mcommit transaction[0m
Migrating to CreateArticles (20240212112038)
  [1m[36mTRANSACTION (0.0ms)[0m  [1m[36mbegin transaction[0m
  [1m[35m (0.4ms)[0m  [1m[35mCREATE TABLE "articles" ("id" integer PRIMARY KEY AUTOINCREMENT NOT NULL, "title" varchar, "content" text, "descrption" text, "user_id" integer NOT NULL, "created_at" datetime(6) NOT NULL, "updated_at" datetime(6) NOT NULL, CONSTRAINT "fk_rails_3d31dad1cc"
FOREIGN KEY ("user_id")
  REFERENCES "users" ("id")
)[0m
  [1m[35m (0.0ms)[0m  [1m[35mCREATE INDEX "index_articles_on_user_id" ON "articles" ("user_id")[0m
  [1m[36mActiveRecord::SchemaMigration Create (0.0ms)[0m  [1m[32mINSERT INTO "schema_migrations" ("version") VALUES ('20240212112038') RETURNING "version"[0m
  [1m[36mTRANSACTION (0.0ms)[0m  [1m[36mcommit transaction[0m
  [1m[36mActiveRecord::SchemaMigration Load (0.0ms)[0m  [1m[34mSELECT "schema_migrations"."version" FROM "schema_migrations" ORDER BY "schema_migrations"."version" ASC[0m
  [1m[36mTRANSACTION (0.0ms)[0m  [1m[36mbegin transaction[0m
  [1m[36mUser Create (0.3ms)[0m  [1m[32mINSERT INTO "users" ("name", "email", "password", "image_name", "created_at", "updated_at") VALUES (?, ?, ?, ?, ?, ?) RETURNING "id"[0m  [["name", "gosta"], ["email", "gosta@example.com"], ["password", "[FILTERED]"], ["image_name", nil], ["created_at", "2024-02-12 11:23:25.847388"], ["updated_at", "2024-02-12 11:23:25.847388"]]
  [1m[36mTRANSACTION (0.1ms)[0m  [1m[36mcommit transaction[0m
  [1m[36mActiveRecord::InternalMetadata Load (0.1ms)[0m  [1m[34mSELECT * FROM "ar_internal_metadata" WHERE "ar_internal_metadata"."key" = ? ORDER BY "ar_internal_metadata"."key" ASC LIMIT 1[0m  [[nil, "environment"]]
  [1m[36mActiveRecord::SchemaMigration Load (0.0ms)[0m  [1m[34mSELECT "schema_migrations"."version" FROM "schema_migrations" ORDER BY "schema_migrations"."version" ASC[0m
Migrating to RenameColumnOfArticleModel (20240212112658)
  [1m[36mTRANSACTION (0.0ms)[0m  [1m[36mbegin transaction[0m
  [1m[36mTRANSACTION (0.0ms)[0m  [1m[31mrollback transaction[0m
  [1m[36mActiveRecord::InternalMetadata Load (0.2ms)[0m  [1m[34mSELECT * FROM "ar_internal_metadata" WHERE "ar_internal_metadata"."key" = ? ORDER BY "ar_internal_metadata"."key" ASC LIMIT 1[0m  [[nil, "environment"]]
  [1m[36mActiveRecord::SchemaMigration Load (0.0ms)[0m  [1m[34mSELECT "schema_migrations"."version" FROM "schema_migrations" ORDER BY "schema_migrations"."version" ASC[0m
Migrating to RenameColumnOfArticleModel (20240212112658)
  [1m[36mTRANSACTION (0.0ms)[0m  [1m[36mbegin transaction[0m
  [1m[35m (0.0ms)[0m  [1m[35mPRAGMA foreign_keys[0m
  [1m[35m (0.0ms)[0m  [1m[35mPRAGMA defer_foreign_keys[0m
  [1m[35m (0.0ms)[0m  [1m[35mPRAGMA defer_foreign_keys = ON[0m
  [1m[35m (0.0ms)[0m  [1m[35mPRAGMA foreign_keys = OFF[0m
  [1m[35m (0.2ms)[0m  [1m[35mCREATE TEMPORARY TABLE "aarticles" ("id" integer PRIMARY KEY AUTOINCREMENT NOT NULL, "title" varchar DEFAULT NULL, "content" text DEFAULT NULL, "description" text DEFAULT NULL, "user_id" integer NOT NULL, "created_at" datetime(6) NOT NULL, "updated_at" datetime(6) NOT NULL)[0m
  [1m[35m (0.0ms)[0m  [1m[35mCREATE INDEX "tindex_aarticles_on_user_id" ON "aarticles" ("user_id")[0m
  [1m[35m (0.0ms)[0m  [1m[32mINSERT INTO "aarticles" ("id","title","content","description","user_id","created_at","updated_at")
                     SELECT "id","title","content","descrption","user_id","created_at","updated_at" FROM "articles"[0m
  [1m[35m (0.2ms)[0m  [1m[35mDROP TABLE "articles"[0m
  [1m[35m (0.0ms)[0m  [1m[35mCREATE TABLE "articles" ("id" integer PRIMARY KEY AUTOINCREMENT NOT NULL, "title" varchar DEFAULT NULL, "content" text DEFAULT NULL, "description" text DEFAULT NULL, "user_id" integer NOT NULL, "created_at" datetime(6) NOT NULL, "updated_at" datetime(6) NOT NULL, CONSTRAINT "fk_rails_3d31dad1cc"
FOREIGN KEY ("user_id")
  REFERENCES "users" ("id")
)[0m
  [1m[35m (0.0ms)[0m  [1m[35mCREATE INDEX "index_articles_on_user_id" ON "articles" ("user_id")[0m
  [1m[35m (0.0ms)[0m  [1m[32mINSERT INTO "articles" ("id","title","content","description","user_id","created_at","updated_at")
                     SELECT "id","title","content","description","user_id","created_at","updated_at" FROM "aarticles"[0m
  [1m[35m (0.0ms)[0m  [1m[35mDROP TABLE "aarticles"[0m
  [1m[35m (0.0ms)[0m  [1m[35mPRAGMA defer_foreign_keys = 0[0m
  [1m[35m (0.0ms)[0m  [1m[35mPRAGMA foreign_keys = 1[0m
  [1m[36mActiveRecord::SchemaMigration Create (0.0ms)[0m  [1m[32mINSERT INTO "schema_migrations" ("version") VALUES ('20240212112658') RETURNING "version"[0m
  [1m[36mTRANSACTION (0.2ms)[0m  [1m[36mcommit transaction[0m
  [1m[36mActiveRecord::SchemaMigration Load (0.0ms)[0m  [1m[34mSELECT "schema_migrations"."version" FROM "schema_migrations" ORDER BY "schema_migrations"."version" ASC[0m
  [1m[36mUser Load (0.2ms)[0m  [1m[34mSELECT "users".* FROM "users" WHERE "users"."id" = ? LIMIT ?[0m  [["id", 1], ["LIMIT", 1]]
  [1m[36mTRANSACTION (0.0ms)[0m  [1m[36mbegin transaction[0m
  [1m[36mArticle Create (0.3ms)[0m  [1m[32mINSERT INTO "articles" ("title", "content", "description", "user_id", "created_at", "updated_at") VALUES (?, ?, ?, ?, ?, ?) RETURNING "id"[0m  [["title", "title1"], ["content", "content1"], ["description", "description1"], ["user_id", 1], ["created_at", "2024-02-12 11:31:07.354010"], ["updated_at", "2024-02-12 11:31:07.354010"]]
  [1m[36mTRANSACTION (0.1ms)[0m  [1m[36mcommit transaction[0m
  [1m[36mArticle Load (0.5ms)[0m  [1m[34mSELECT "articles".* FROM "articles" WHERE "articles"."user_id" = ? /* loading for pp */ LIMIT ?[0m  [["user_id", 1], ["LIMIT", 11]]
  [1m[36mTRANSACTION (0.1ms)[0m  [1m[36mbegin transaction[0m
  [1m[36mArticle Create (1.7ms)[0m  [1m[32mINSERT INTO "articles" ("title", "content", "description", "user_id", "created_at", "updated_at") VALUES (?, ?, ?, ?, ?, ?) RETURNING "id"[0m  [["title", "title2"], ["content", "content2"], ["description", "description2"], ["user_id", 1], ["created_at", "2024-02-12 11:31:59.420105"], ["updated_at", "2024-02-12 11:31:59.420105"]]
  [1m[36mTRANSACTION (0.4ms)[0m  [1m[36mcommit transaction[0m
  [1m[36mArticle Load (0.3ms)[0m  [1m[34mSELECT "articles".* FROM "articles" WHERE "articles"."user_id" = ? /* loading for pp */ LIMIT ?[0m  [["user_id", 1], ["LIMIT", 11]]
Started GET "/" for ::1 at 2024-02-12 20:35:20 +0900
  [1m[36mActiveRecord::SchemaMigration Load (0.1ms)[0m  [1m[34mSELECT "schema_migrations"."version" FROM "schema_migrations" ORDER BY "schema_migrations"."version" ASC[0m
Processing by Rails::WelcomeController#index as HTML
  Rendering /Users/haramisaki/.rbenv/versions/3.2.2/lib/ruby/gems/3.2.0/gems/railties-7.1.3/lib/rails/templates/rails/welcome/index.html.erb
  Rendered /Users/haramisaki/.rbenv/versions/3.2.2/lib/ruby/gems/3.2.0/gems/railties-7.1.3/lib/rails/templates/rails/welcome/index.html.erb (Duration: 0.3ms | Allocations: 375)
Completed 200 OK in 12ms (Views: 4.2ms | ActiveRecord: 0.0ms | Allocations: 6544)


Started GET "/" for ::1 at 2024-02-12 20:35:21 +0900
Processing by Rails::WelcomeController#index as HTML
  Rendering /Users/haramisaki/.rbenv/versions/3.2.2/lib/ruby/gems/3.2.0/gems/railties-7.1.3/lib/rails/templates/rails/welcome/index.html.erb
  Rendered /Users/haramisaki/.rbenv/versions/3.2.2/lib/ruby/gems/3.2.0/gems/railties-7.1.3/lib/rails/templates/rails/welcome/index.html.erb (Duration: 0.1ms | Allocations: 13)
Completed 200 OK in 1ms (Views: 0.6ms | ActiveRecord: 0.0ms | Allocations: 201)


Started GET "/reoutes" for ::1 at 2024-02-12 20:35:26 +0900
  
ActionController::RoutingError (No route matches [GET] "/reoutes"):
  
Started GET "/favicon.ico" for ::1 at 2024-02-12 20:35:26 +0900
  
ActionController::RoutingError (No route matches [GET] "/favicon.ico"):
  
Started GET "/rails/info/routes?query=user" for ::1 at 2024-02-12 20:35:29 +0900
Processing by Rails::InfoController#routes as */*
  Parameters: {"query"=>"user"}
Completed 200 OK in 7ms (Views: 0.3ms | ActiveRecord: 0.0ms | Allocations: 8027)


Started GET "/" for ::1 at 2024-02-12 20:36:49 +0900
Processing by Rails::WelcomeController#index as HTML
  Rendering /Users/haramisaki/.rbenv/versions/3.2.2/lib/ruby/gems/3.2.0/gems/railties-7.1.3/lib/rails/templates/rails/welcome/index.html.erb
  Rendered /Users/haramisaki/.rbenv/versions/3.2.2/lib/ruby/gems/3.2.0/gems/railties-7.1.3/lib/rails/templates/rails/welcome/index.html.erb (Duration: 2.0ms | Allocations: 261)
Completed 200 OK in 3ms (Views: 2.7ms | ActiveRecord: 0.0ms | Allocations: 858)


Started GET "/" for ::1 at 2024-02-12 20:36:50 +0900
Processing by Rails::WelcomeController#index as HTML
  Rendering /Users/haramisaki/.rbenv/versions/3.2.2/lib/ruby/gems/3.2.0/gems/railties-7.1.3/lib/rails/templates/rails/welcome/index.html.erb
  Rendered /Users/haramisaki/.rbenv/versions/3.2.2/lib/ruby/gems/3.2.0/gems/railties-7.1.3/lib/rails/templates/rails/welcome/index.html.erb (Duration: 0.1ms | Allocations: 13)
Completed 200 OK in 1ms (Views: 1.0ms | ActiveRecord: 0.0ms | Allocations: 206)


Started GET "/articles" for ::1 at 2024-02-12 20:36:54 +0900
Processing by ArticlesController#index as HTML
Completed 500 Internal Server Error in 1ms (ActiveRecord: 0.0ms | Allocations: 174)


  
NameError (uninitialized constant ArticlesController::Articles):
  
app/controllers/articles_controller.rb:3:in `index'
Started GET "/articles" for ::1 at 2024-02-12 20:37:07 +0900
Processing by ArticlesController#index as HTML
  [1m[36mArticle Load (0.3ms)[0m  [1m[34mSELECT "articles".* FROM "articles" /* loading for inspect */ LIMIT ?[0m  [["LIMIT", 11]]
Completed 500 Internal Server Error in 15ms (ActiveRecord: 0.0ms | Allocations: 19662)


  [1m[36mCACHE Article Load (0.0ms)[0m  [1m[34mSELECT "articles".* FROM "articles" /* loading for inspect */ LIMIT ?[0m  [["LIMIT", 11]]
  
NoMethodError (undefined method `key?' for #<ActiveRecord::Relation [#<Article id: 1, title: "title1", content: "content1", description: "description1", user_id: 1, created_at: "2024-02-12 11:31:07.354010000 +0000", updated_at: "2024-02-12 11:31:07.354010000 +0000">, #<Article id: 2, title: "title2", content: "content2", description: "description2", user_id: 1, created_at: "2024-02-12 11:31:59.420105000 +0000", updated_at: "2024-02-12 11:31:59.420105000 +0000">]>):
  
app/controllers/articles_controller.rb:4:in `index'
Started GET "/articles" for ::1 at 2024-02-12 20:38:36 +0900
Processing by ArticlesController#index as HTML
  [1m[36mArticle Load (0.0ms)[0m  [1m[34mSELECT "articles".* FROM "articles"[0m
  ↳ app/controllers/articles_controller.rb:4:in `index'
Completed 200 OK in 5ms (Views: 3.0ms | ActiveRecord: 0.9ms | Allocations: 5320)


Started GET "/" for ::1 at 2024-02-12 20:39:57 +0900
Processing by Rails::WelcomeController#index as HTML
  Rendering /Users/haramisaki/.rbenv/versions/3.2.2/lib/ruby/gems/3.2.0/gems/railties-7.1.3/lib/rails/templates/rails/welcome/index.html.erb
  Rendered /Users/haramisaki/.rbenv/versions/3.2.2/lib/ruby/gems/3.2.0/gems/railties-7.1.3/lib/rails/templates/rails/welcome/index.html.erb (Duration: 0.7ms | Allocations: 263)
Completed 200 OK in 3ms (Views: 1.6ms | ActiveRecord: 0.0ms | Allocations: 866)


Started GET "/" for ::1 at 2024-02-12 20:39:58 +0900
Processing by Rails::WelcomeController#index as HTML
  Rendering /Users/haramisaki/.rbenv/versions/3.2.2/lib/ruby/gems/3.2.0/gems/railties-7.1.3/lib/rails/templates/rails/welcome/index.html.erb
  Rendered /Users/haramisaki/.rbenv/versions/3.2.2/lib/ruby/gems/3.2.0/gems/railties-7.1.3/lib/rails/templates/rails/welcome/index.html.erb (Duration: 0.0ms | Allocations: 13)
Completed 200 OK in 1ms (Views: 0.3ms | ActiveRecord: 0.0ms | Allocations: 187)


Started GET "/articles" for ::1 at 2024-02-12 20:40:03 +0900
Processing by ArticlesController#index as HTML
  [1m[36mArticle Load (0.0ms)[0m  [1m[34mSELECT "articles".* FROM "articles"[0m
  ↳ app/controllers/articles_controller.rb:4:in `index'
Completed 200 OK in 1ms (Views: 0.7ms | ActiveRecord: 0.0ms | Allocations: 709)


Started GET "/articles" for ::1 at 2024-02-12 20:40:03 +0900
Processing by ArticlesController#index as HTML
  [1m[36mArticle Load (0.0ms)[0m  [1m[34mSELECT "articles".* FROM "articles"[0m
  ↳ app/controllers/articles_controller.rb:4:in `index'
Completed 200 OK in 1ms (Views: 0.5ms | ActiveRecord: 0.0ms | Allocations: 698)


Started GET "/articles" for ::1 at 2024-02-12 20:41:57 +0900
Processing by ArticlesController#index as HTML
  [1m[36mArticle Load (0.1ms)[0m  [1m[34mSELECT "articles".* FROM "articles"[0m
  ↳ app/controllers/articles_controller.rb:4:in `index'
Completed 200 OK in 1ms (Views: 1.0ms | ActiveRecord: 0.1ms | Allocations: 708)


Started GET "/articles" for ::1 at 2024-02-12 20:41:57 +0900
Processing by ArticlesController#index as HTML
  [1m[36mArticle Load (0.0ms)[0m  [1m[34mSELECT "articles".* FROM "articles"[0m
  ↳ app/controllers/articles_controller.rb:4:in `index'
Completed 200 OK in 1ms (Views: 0.5ms | ActiveRecord: 0.0ms | Allocations: 698)


Started GET "/articles" for ::1 at 2024-02-12 20:42:33 +0900
Processing by ArticlesController#index as HTML
  [1m[36mArticle Load (0.1ms)[0m  [1m[34mSELECT "articles".* FROM "articles"[0m
  ↳ app/controllers/articles_controller.rb:4:in `index'
Completed 200 OK in 2ms (Views: 1.6ms | ActiveRecord: 0.1ms | Allocations: 698)


Started GET "/articles" for ::1 at 2024-02-12 20:42:33 +0900
Processing by ArticlesController#index as HTML
  [1m[36mArticle Load (0.0ms)[0m  [1m[34mSELECT "articles".* FROM "articles"[0m
  ↳ app/controllers/articles_controller.rb:4:in `index'
Completed 200 OK in 1ms (Views: 0.6ms | ActiveRecord: 0.0ms | Allocations: 698)


Started GET "/articles" for ::1 at 2024-02-12 20:43:48 +0900
Processing by ArticlesController#index as HTML
  [1m[36mArticle Load (0.1ms)[0m  [1m[34mSELECT "articles".* FROM "articles"[0m
  ↳ app/controllers/articles_controller.rb:4:in `index'
Completed 200 OK in 1ms (Views: 1.1ms | ActiveRecord: 0.1ms | Allocations: 708)


Started GET "/articles" for ::1 at 2024-02-12 20:43:48 +0900
Processing by ArticlesController#index as HTML
  [1m[36mArticle Load (0.0ms)[0m  [1m[34mSELECT "articles".* FROM "articles"[0m
  ↳ app/controllers/articles_controller.rb:4:in `index'
Completed 200 OK in 1ms (Views: 0.6ms | ActiveRecord: 0.0ms | Allocations: 698)


Started GET "/articles" for ::1 at 2024-02-12 20:43:50 +0900
Processing by ArticlesController#index as HTML
  [1m[36mArticle Load (0.1ms)[0m  [1m[34mSELECT "articles".* FROM "articles"[0m
  ↳ app/controllers/articles_controller.rb:4:in `index'
Completed 200 OK in 1ms (Views: 1.2ms | ActiveRecord: 0.1ms | Allocations: 698)


Started GET "/articles" for ::1 at 2024-02-12 20:43:50 +0900
Processing by ArticlesController#index as HTML
  [1m[36mArticle Load (0.1ms)[0m  [1m[34mSELECT "articles".* FROM "articles"[0m
  ↳ app/controllers/articles_controller.rb:4:in `index'
Completed 200 OK in 1ms (Views: 1.0ms | ActiveRecord: 0.1ms | Allocations: 698)


Started GET "/articles" for ::1 at 2024-02-12 20:44:25 +0900
  [1m[36mActiveRecord::SchemaMigration Load (0.1ms)[0m  [1m[34mSELECT "schema_migrations"."version" FROM "schema_migrations" ORDER BY "schema_migrations"."version" ASC[0m
Processing by ArticlesController#index as HTML
  [1m[36mArticle Load (0.1ms)[0m  [1m[34mSELECT "articles".* FROM "articles"[0m
  ↳ app/controllers/articles_controller.rb:4:in `index'
Completed 200 OK in 17ms (Views: 5.0ms | ActiveRecord: 1.0ms | Allocations: 21463)


Started GET "/articles" for ::1 at 2024-02-12 20:44:25 +0900
Processing by ArticlesController#index as HTML
  [1m[36mArticle Load (0.0ms)[0m  [1m[34mSELECT "articles".* FROM "articles"[0m
  ↳ app/controllers/articles_controller.rb:4:in `index'
Completed 200 OK in 1ms (Views: 0.4ms | ActiveRecord: 0.0ms | Allocations: 701)


Started GET "/articles" for ::1 at 2024-02-12 20:44:33 +0900
Processing by ArticlesController#index as HTML
  [1m[36mArticle Load (0.1ms)[0m  [1m[34mSELECT "articles".* FROM "articles"[0m
  ↳ app/controllers/articles_controller.rb:4:in `index'
Completed 200 OK in 2ms (Views: 1.8ms | ActiveRecord: 0.1ms | Allocations: 710)


Started GET "/articles" for ::1 at 2024-02-12 20:44:33 +0900
Processing by ArticlesController#index as HTML
  [1m[36mArticle Load (0.1ms)[0m  [1m[34mSELECT "articles".* FROM "articles"[0m
  ↳ app/controllers/articles_controller.rb:4:in `index'
Completed 200 OK in 1ms (Views: 0.8ms | ActiveRecord: 0.1ms | Allocations: 698)


Started GET "/articles" for ::1 at 2024-02-12 20:49:53 +0900
Processing by ArticlesController#index as HTML
Completed 500 Internal Server Error in 1ms (ActiveRecord: 0.0ms | Allocations: 919)


  
TypeError (wrong argument type Symbol (expected Module)):
  
app/controllers/articles_controller.rb:3:in `include'
app/controllers/articles_controller.rb:3:in `index'
Started GET "/favicon.ico" for ::1 at 2024-02-12 20:49:53 +0900
  
ActionController::RoutingError (No route matches [GET] "/favicon.ico"):
  
Started GET "/articles" for ::1 at 2024-02-12 20:50:04 +0900
Processing by ArticlesController#index as HTML
  [1m[36mArticle Load (0.0ms)[0m  [1m[34mSELECT "articles".* FROM "articles"[0m
  ↳ app/controllers/articles_controller.rb:4:in `index'
  [1m[36mUser Load (0.0ms)[0m  [1m[34mSELECT "users".* FROM "users" WHERE "users"."id" = ?[0m  [["id", 1]]
  ↳ app/controllers/articles_controller.rb:4:in `index'
Completed 200 OK in 15ms (Views: 12.9ms | ActiveRecord: 1.0ms | Allocations: 18044)


Started GET "/articles" for ::1 at 2024-02-12 20:50:16 +0900
Processing by ArticlesController#index as HTML
  [1m[36mArticle Load (0.2ms)[0m  [1m[34mSELECT "articles".* FROM "articles"[0m
  ↳ app/controllers/articles_controller.rb:4:in `index'
  [1m[36mUser Load (0.2ms)[0m  [1m[34mSELECT "users".* FROM "users" WHERE "users"."id" = ?[0m  [["id", 1]]
  ↳ app/controllers/articles_controller.rb:4:in `index'
Completed 200 OK in 17ms (Views: 16.1ms | ActiveRecord: 0.4ms | Allocations: 1570)


Started GET "/articles" for ::1 at 2024-02-12 20:54:17 +0900
Processing by ArticlesController#index as HTML
  [1m[36mArticle Load (0.0ms)[0m  [1m[34mSELECT "articles".* FROM "articles"[0m
  ↳ app/controllers/articles_controller.rb:4:in `index'
  [1m[36mUser Load (0.0ms)[0m  [1m[34mSELECT "users".* FROM "users" WHERE "users"."id" = ?[0m  [["id", 1]]
  ↳ app/controllers/articles_controller.rb:4:in `index'
Completed 200 OK in 7ms (Views: 4.7ms | ActiveRecord: 1.1ms | Allocations: 10168)


Started GET "/articles" for ::1 at 2024-02-12 20:54:18 +0900
Processing by ArticlesController#index as HTML
  [1m[36mArticle Load (0.1ms)[0m  [1m[34mSELECT "articles".* FROM "articles"[0m
  ↳ app/controllers/articles_controller.rb:4:in `index'
  [1m[36mUser Load (0.1ms)[0m  [1m[34mSELECT "users".* FROM "users" WHERE "users"."id" = ?[0m  [["id", 1]]
  ↳ app/controllers/articles_controller.rb:4:in `index'
Completed 200 OK in 7ms (Views: 4.8ms | ActiveRecord: 0.2ms | Allocations: 1571)


Started GET "/articles" for ::1 at 2024-02-12 20:54:19 +0900
Processing by ArticlesController#index as HTML
  [1m[36mArticle Load (0.2ms)[0m  [1m[34mSELECT "articles".* FROM "articles"[0m
  ↳ app/controllers/articles_controller.rb:4:in `index'
  [1m[36mUser Load (0.1ms)[0m  [1m[34mSELECT "users".* FROM "users" WHERE "users"."id" = ?[0m  [["id", 1]]
  ↳ app/controllers/articles_controller.rb:4:in `index'
Completed 200 OK in 4ms (Views: 3.8ms | ActiveRecord: 0.3ms | Allocations: 1554)


Started GET "/articles" for ::1 at 2024-02-12 20:55:07 +0900
Processing by ArticlesController#index as HTML
  [1m[36mArticle Load (0.1ms)[0m  [1m[34mSELECT "articles".* FROM "articles"[0m
  ↳ app/controllers/articles_controller.rb:4:in `index'
  [1m[36mUser Load (0.0ms)[0m  [1m[34mSELECT "users".* FROM "users" WHERE "users"."id" = ?[0m  [["id", 1]]
  ↳ app/controllers/articles_controller.rb:4:in `index'
Completed 200 OK in 3ms (Views: 2.6ms | ActiveRecord: 0.1ms | Allocations: 1569)


Started GET "/articles" for ::1 at 2024-02-12 20:55:07 +0900
Processing by ArticlesController#index as HTML
  [1m[36mArticle Load (0.0ms)[0m  [1m[34mSELECT "articles".* FROM "articles"[0m
  ↳ app/controllers/articles_controller.rb:4:in `index'
  [1m[36mUser Load (0.1ms)[0m  [1m[34mSELECT "users".* FROM "users" WHERE "users"."id" = ?[0m  [["id", 1]]
  ↳ app/controllers/articles_controller.rb:4:in `index'
Completed 200 OK in 2ms (Views: 2.2ms | ActiveRecord: 0.1ms | Allocations: 1554)


Started GET "/articles" for ::1 at 2024-02-12 20:55:11 +0900
Processing by ArticlesController#index as HTML
  [1m[36mArticle Load (0.1ms)[0m  [1m[34mSELECT "articles".* FROM "articles"[0m
  ↳ app/controllers/articles_controller.rb:4:in `index'
  [1m[36mUser Load (0.1ms)[0m  [1m[34mSELECT "users".* FROM "users" WHERE "users"."id" = ?[0m  [["id", 1]]
  ↳ app/controllers/articles_controller.rb:4:in `index'
Completed 200 OK in 2ms (Views: 2.1ms | ActiveRecord: 0.2ms | Allocations: 1554)


Started GET "/articles" for ::1 at 2024-02-12 20:55:11 +0900
Processing by ArticlesController#index as HTML
  [1m[36mArticle Load (0.1ms)[0m  [1m[34mSELECT "articles".* FROM "articles"[0m
  ↳ app/controllers/articles_controller.rb:4:in `index'
  [1m[36mUser Load (0.0ms)[0m  [1m[34mSELECT "users".* FROM "users" WHERE "users"."id" = ?[0m  [["id", 1]]
  ↳ app/controllers/articles_controller.rb:4:in `index'
Completed 200 OK in 2ms (Views: 1.7ms | ActiveRecord: 0.1ms | Allocations: 1554)


Started GET "/articles" for ::1 at 2024-02-12 20:56:46 +0900
Processing by ArticlesController#index as HTML
  [1m[36mArticle Load (0.2ms)[0m  [1m[34mSELECT "articles".* FROM "articles"[0m
  ↳ app/controllers/articles_controller.rb:4:in `index'
  [1m[36mUser Load (0.1ms)[0m  [1m[34mSELECT "users".* FROM "users" WHERE "users"."id" = ?[0m  [["id", 1]]
  ↳ app/controllers/articles_controller.rb:4:in `index'
Completed 200 OK in 5ms (Views: 4.2ms | ActiveRecord: 0.3ms | Allocations: 1554)


Started GET "/articles" for ::1 at 2024-02-12 20:57:58 +0900
Processing by ArticlesController#index as HTML
  [1m[36mArticle Load (0.0ms)[0m  [1m[34mSELECT "articles".* FROM "articles"[0m
  ↳ app/controllers/articles_controller.rb:4:in `index'
  [1m[36mUser Load (0.0ms)[0m  [1m[34mSELECT "users".* FROM "users" WHERE "users"."id" = ?[0m  [["id", 1]]
  ↳ app/controllers/articles_controller.rb:4:in `index'
Completed 200 OK in 6ms (Views: 4.0ms | ActiveRecord: 1.1ms | Allocations: 10151)


Started GET "/articles" for ::1 at 2024-02-12 20:58:25 +0900
Processing by ArticlesController#index as HTML
Completed 500 Internal Server Error in 1ms (ActiveRecord: 0.0ms | Allocations: 1137)


  
NameError (undefined local variable or method `json' for #<ArticlesController:0x0000000001b9e0>):
  
app/controllers/articles_controller.rb:4:in `index'
Started GET "/articles" for ::1 at 2024-02-12 21:03:00 +0900
  
SyntaxError (/Users/haramisaki/prog/remote/apprentice/react_next/workplace/backend/app/controllers/articles_controller.rb:8: syntax error, unexpected ',', expecting =>
    render json: {@articles, @users} 
                           ^
):
  
app/controllers/articles_controller.rb:8: syntax error, unexpected ',', expecting =>
Started GET "/articles" for ::1 at 2024-02-12 21:03:37 +0900
Processing by ArticlesController#index as HTML
  [1m[36mArticle Load (0.3ms)[0m  [1m[34mSELECT "articles".* FROM "articles"[0m
  ↳ app/controllers/articles_controller.rb:4:in `index'
  [1m[36mUser Load (0.0ms)[0m  [1m[34mSELECT "users".* FROM "users" WHERE "users"."id" = ?[0m  [["id", 1]]
  ↳ app/controllers/articles_controller.rb:4:in `index'
Completed 200 OK in 12ms (Views: 7.0ms | ActiveRecord: 2.3ms | Allocations: 10196)


Started GET "/articles" for ::1 at 2024-02-12 21:06:12 +0900
Processing by ArticlesController#index as HTML
  [1m[36mArticle Load (0.1ms)[0m  [1m[34mSELECT "articles".* FROM "articles"[0m
  ↳ app/controllers/articles_controller.rb:4:in `index'
  [1m[36mUser Load (0.1ms)[0m  [1m[34mSELECT "users".* FROM "users" WHERE "users"."id" = ?[0m  [["id", 1]]
  ↳ app/controllers/articles_controller.rb:4:in `index'
Completed 200 OK in 4ms (Views: 3.7ms | ActiveRecord: 0.2ms | Allocations: 1565)


Started GET "/articles" for ::1 at 2024-02-12 21:10:33 +0900
  
SyntaxError (/Users/haramisaki/prog/remote/apprentice/react_next/workplace/backend/app/controllers/articles_controller.rb:7: syntax error, unexpected `end'):
  
app/controllers/articles_controller.rb:7: syntax error, unexpected `end'
Started GET "/articles" for ::1 at 2024-02-12 21:10:35 +0900
  
SyntaxError (/Users/haramisaki/prog/remote/apprentice/react_next/workplace/backend/app/controllers/articles_controller.rb:7: syntax error, unexpected `end'):
  
app/controllers/articles_controller.rb:7: syntax error, unexpected `end'
Started GET "/articles" for ::1 at 2024-02-12 21:10:39 +0900
Processing by ArticlesController#index as HTML
  [1m[36mArticle Load (0.1ms)[0m  [1m[34mSELECT "articles".* FROM "articles"[0m
  ↳ app/controllers/articles_controller.rb:4:in `index'
  [1m[36mUser Load (0.0ms)[0m  [1m[34mSELECT "users".* FROM "users" WHERE "users"."id" = ?[0m  [["id", 1]]
  ↳ app/controllers/articles_controller.rb:4:in `index'
Completed 200 OK in 30ms (Views: 0.1ms | ActiveRecord: 2.6ms | Allocations: 10065)


Started GET "/reoutes" for ::1 at 2024-02-12 21:26:58 +0900
  
ActionController::RoutingError (No route matches [GET] "/reoutes"):
  
Started GET "/articles" for ::1 at 2024-02-12 21:27:03 +0900
  
SyntaxError (/Users/haramisaki/prog/remote/apprentice/react_next/workplace/backend/app/controllers/articles_controller.rb:4: syntax error, unexpected '}', expecting =>
...icles.as_json(include: { user }, except: [:user_id])
...                              ^
):
  
app/controllers/articles_controller.rb:4: syntax error, unexpected '}', expecting =>
Started GET "/articles" for ::1 at 2024-02-12 21:27:13 +0900
Processing by ArticlesController#index as HTML
Completed 500 Internal Server Error in 2ms (ActiveRecord: 0.0ms | Allocations: 1134)


  
NameError (undefined local variable or method `user' for #<ArticlesController:0x00000000031f10>):
  
app/controllers/articles_controller.rb:4:in `index'
Started GET "/articles" for ::1 at 2024-02-12 21:27:29 +0900
Processing by ArticlesController#index as HTML
  [1m[36mArticle Load (4.2ms)[0m  [1m[34mSELECT "articles".* FROM "articles"[0m
  ↳ app/controllers/articles_controller.rb:4:in `index'
  [1m[36mUser Load (0.1ms)[0m  [1m[34mSELECT "users".* FROM "users" WHERE "users"."id" = ?[0m  [["id", 1]]
  ↳ app/controllers/articles_controller.rb:4:in `index'
Completed 200 OK in 10ms (Views: 0.2ms | ActiveRecord: 6.3ms | Allocations: 9112)


Started GET "/articles" for ::1 at 2024-02-12 21:27:48 +0900
Processing by ArticlesController#index as HTML
  [1m[36mArticle Load (0.0ms)[0m  [1m[34mSELECT "articles".* FROM "articles"[0m
  ↳ app/controllers/articles_controller.rb:4:in `index'
  [1m[36mUser Load (0.0ms)[0m  [1m[34mSELECT "users".* FROM "users" WHERE "users"."id" = ?[0m  [["id", 1]]
  ↳ app/controllers/articles_controller.rb:4:in `index'
Completed 200 OK in 6ms (Views: 0.1ms | ActiveRecord: 1.1ms | Allocations: 10017)


Started GET "/articles" for ::1 at 2024-02-12 21:29:12 +0900
Processing by ArticlesController#index as HTML
Completed 500 Internal Server Error in 1ms (ActiveRecord: 0.0ms | Allocations: 1131)


  
NameError (undefined local variable or method `email' for #<ArticlesController:0x0000000003d298>):
  
app/controllers/articles_controller.rb:4:in `index'
Started GET "/articles" for ::1 at 2024-02-12 21:29:21 +0900
Processing by ArticlesController#index as HTML
  [1m[36mArticle Load (0.0ms)[0m  [1m[34mSELECT "articles".* FROM "articles"[0m
  ↳ app/controllers/articles_controller.rb:4:in `index'
  [1m[36mUser Load (0.0ms)[0m  [1m[34mSELECT "users".* FROM "users" WHERE "users"."id" = ?[0m  [["id", 1]]
  ↳ app/controllers/articles_controller.rb:4:in `index'
Completed 200 OK in 6ms (Views: 0.1ms | ActiveRecord: 1.0ms | Allocations: 10031)


Started GET "/articles" for ::1 at 2024-02-12 21:29:34 +0900
Processing by ArticlesController#index as HTML
  [1m[36mArticle Load (0.0ms)[0m  [1m[34mSELECT "articles".* FROM "articles"[0m
  ↳ app/controllers/articles_controller.rb:4:in `index'
  [1m[36mUser Load (0.0ms)[0m  [1m[34mSELECT "users".* FROM "users" WHERE "users"."id" = ?[0m  [["id", 1]]
  ↳ app/controllers/articles_controller.rb:4:in `index'
Completed 200 OK in 6ms (Views: 0.1ms | ActiveRecord: 1.1ms | Allocations: 9980)


Started GET "/articles" for ::1 at 2024-02-12 21:29:43 +0900
Processing by ArticlesController#index as HTML
  [1m[36mArticle Load (0.0ms)[0m  [1m[34mSELECT "articles".* FROM "articles"[0m
  ↳ app/controllers/articles_controller.rb:4:in `index'
  [1m[36mUser Load (0.0ms)[0m  [1m[34mSELECT "users".* FROM "users" WHERE "users"."id" = ?[0m  [["id", 1]]
  ↳ app/controllers/articles_controller.rb:4:in `index'
Completed 200 OK in 7ms (Views: 0.1ms | ActiveRecord: 1.1ms | Allocations: 9975)


Started GET "/articles" for ::1 at 2024-02-12 21:30:26 +0900
Processing by ArticlesController#index as HTML
  [1m[36mArticle Load (0.0ms)[0m  [1m[34mSELECT "articles".* FROM "articles"[0m
  ↳ app/controllers/articles_controller.rb:4:in `index'
  [1m[36mUser Load (0.0ms)[0m  [1m[34mSELECT "users".* FROM "users" WHERE "users"."id" = ?[0m  [["id", 1]]
  ↳ app/controllers/articles_controller.rb:4:in `index'
Completed 500 Internal Server Error in 6ms (ActiveRecord: 1.1ms | Allocations: 9804)


  
NoMethodError (undefined method `key?' for :user:Symbol):
  
app/controllers/articles_controller.rb:4:in `index'
Started GET "/articles" for ::1 at 2024-02-12 21:30:57 +0900
Processing by ArticlesController#index as HTML
  [1m[36mArticle Load (0.0ms)[0m  [1m[34mSELECT "articles".* FROM "articles"[0m
  ↳ app/controllers/articles_controller.rb:4:in `index'
  [1m[36mUser Load (0.0ms)[0m  [1m[34mSELECT "users".* FROM "users" WHERE "users"."id" = ?[0m  [["id", 1]]
  ↳ app/controllers/articles_controller.rb:4:in `index'
Completed 200 OK in 6ms (Views: 0.1ms | ActiveRecord: 1.4ms | Allocations: 10071)


Started GET "/articles" for ::1 at 2024-02-12 21:31:28 +0900
  
SyntaxError (/Users/haramisaki/prog/remote/apprentice/react_next/workplace/backend/app/controllers/articles_controller.rb:4: syntax error, unexpected '}', expecting =>
...ticles.as_json(include: {:user})
...                              ^
):
  
app/controllers/articles_controller.rb:4: syntax error, unexpected '}', expecting =>
Started GET "/articles" for ::1 at 2024-02-12 21:32:00 +0900
Processing by ArticlesController#index as HTML
  [1m[36mArticle Load (0.1ms)[0m  [1m[34mSELECT "articles".* FROM "articles"[0m
  ↳ app/controllers/articles_controller.rb:4:in `index'
  [1m[36mUser Load (0.0ms)[0m  [1m[34mSELECT "users".* FROM "users" WHERE "users"."id" = ?[0m  [["id", 1]]
  ↳ app/controllers/articles_controller.rb:4:in `index'
Completed 200 OK in 12ms (Views: 0.1ms | ActiveRecord: 2.2ms | Allocations: 10026)


Started GET "/articles" for ::1 at 2024-02-12 21:33:13 +0900
Processing by ArticlesController#index as HTML
  [1m[36mArticle Load (0.0ms)[0m  [1m[34mSELECT "articles".* FROM "articles"[0m
  ↳ app/controllers/articles_controller.rb:4:in `index'
  [1m[36mUser Load (0.0ms)[0m  [1m[34mSELECT "users".* FROM "users" WHERE "users"."id" = ?[0m  [["id", 1]]
  ↳ app/controllers/articles_controller.rb:4:in `index'
Completed 200 OK in 6ms (Views: 0.1ms | ActiveRecord: 1.0ms | Allocations: 10022)


Started GET "/articles" for ::1 at 2024-02-12 21:33:32 +0900
Processing by ArticlesController#index as HTML
  [1m[36mArticle Load (0.0ms)[0m  [1m[34mSELECT "articles".* FROM "articles"[0m
  ↳ app/controllers/articles_controller.rb:4:in `index'
  [1m[36mUser Load (0.0ms)[0m  [1m[34mSELECT "users".* FROM "users" WHERE "users"."id" = ?[0m  [["id", 1]]
  ↳ app/controllers/articles_controller.rb:4:in `index'
Completed 200 OK in 7ms (Views: 0.3ms | ActiveRecord: 1.0ms | Allocations: 10027)


Started GET "/articles" for ::1 at 2024-02-12 21:34:12 +0900
Processing by ArticlesController#index as HTML
  [1m[36mArticle Load (0.0ms)[0m  [1m[34mSELECT "articles".* FROM "articles"[0m
  ↳ app/controllers/articles_controller.rb:4:in `index'
  [1m[36mUser Load (0.0ms)[0m  [1m[34mSELECT "users".* FROM "users" WHERE "users"."id" = ?[0m  [["id", 1]]
  ↳ app/controllers/articles_controller.rb:4:in `index'
Completed 200 OK in 16ms (Views: 0.1ms | ActiveRecord: 1.1ms | Allocations: 9960)


Started GET "/articles" for ::1 at 2024-02-12 21:35:16 +0900
Processing by ArticlesController#index as HTML
  [1m[36mArticle Load (0.1ms)[0m  [1m[34mSELECT "articles".* FROM "articles"[0m
  ↳ app/controllers/articles_controller.rb:4:in `index'
  [1m[36mUser Load (0.0ms)[0m  [1m[34mSELECT "users".* FROM "users" WHERE "users"."id" = ?[0m  [["id", 1]]
  ↳ app/controllers/articles_controller.rb:4:in `index'
Completed 200 OK in 8ms (Views: 0.1ms | ActiveRecord: 0.2ms | Allocations: 1385)


Started GET "/articles" for ::1 at 2024-02-12 21:35:16 +0900
Processing by ArticlesController#index as HTML
  [1m[36mArticle Load (0.1ms)[0m  [1m[34mSELECT "articles".* FROM "articles"[0m
  ↳ app/controllers/articles_controller.rb:4:in `index'
  [1m[36mUser Load (0.0ms)[0m  [1m[34mSELECT "users".* FROM "users" WHERE "users"."id" = ?[0m  [["id", 1]]
  ↳ app/controllers/articles_controller.rb:4:in `index'
Completed 200 OK in 1ms (Views: 0.0ms | ActiveRecord: 0.1ms | Allocations: 1372)


Started GET "/articles" for ::1 at 2024-02-12 21:35:25 +0900
Processing by ArticlesController#index as HTML
  [1m[36mArticle Load (0.1ms)[0m  [1m[34mSELECT "articles".* FROM "articles"[0m
  ↳ app/controllers/articles_controller.rb:4:in `index'
  [1m[36mUser Load (0.0ms)[0m  [1m[34mSELECT "users".* FROM "users" WHERE "users"."id" = ?[0m  [["id", 1]]
  ↳ app/controllers/articles_controller.rb:4:in `index'
Completed 200 OK in 2ms (Views: 0.1ms | ActiveRecord: 0.1ms | Allocations: 1372)


Started GET "/articles" for ::1 at 2024-02-12 21:35:25 +0900
Processing by ArticlesController#index as HTML
  [1m[36mArticle Load (0.1ms)[0m  [1m[34mSELECT "articles".* FROM "articles"[0m
  ↳ app/controllers/articles_controller.rb:4:in `index'
  [1m[36mUser Load (0.0ms)[0m  [1m[34mSELECT "users".* FROM "users" WHERE "users"."id" = ?[0m  [["id", 1]]
  ↳ app/controllers/articles_controller.rb:4:in `index'
Completed 200 OK in 2ms (Views: 0.1ms | ActiveRecord: 0.1ms | Allocations: 1372)


Started GET "/articles" for ::1 at 2024-02-12 21:35:43 +0900
Processing by ArticlesController#index as HTML
  [1m[36mArticle Load (0.1ms)[0m  [1m[34mSELECT "articles".* FROM "articles"[0m
  ↳ app/controllers/articles_controller.rb:4:in `index'
  [1m[36mUser Load (0.0ms)[0m  [1m[34mSELECT "users".* FROM "users" WHERE "users"."id" = ?[0m  [["id", 1]]
  ↳ app/controllers/articles_controller.rb:4:in `index'
Completed 200 OK in 4ms (Views: 0.1ms | ActiveRecord: 0.1ms | Allocations: 1373)


Started GET "/articles" for ::1 at 2024-02-12 21:35:43 +0900
Processing by ArticlesController#index as HTML
  [1m[36mArticle Load (0.0ms)[0m  [1m[34mSELECT "articles".* FROM "articles"[0m
  ↳ app/controllers/articles_controller.rb:4:in `index'
  [1m[36mUser Load (0.0ms)[0m  [1m[34mSELECT "users".* FROM "users" WHERE "users"."id" = ?[0m  [["id", 1]]
  ↳ app/controllers/articles_controller.rb:4:in `index'
Completed 200 OK in 3ms (Views: 0.1ms | ActiveRecord: 0.1ms | Allocations: 1372)


  [1m[36mUser Load (0.1ms)[0m  [1m[34mSELECT "users".* FROM "users" WHERE "users"."id" = ? LIMIT ?[0m  [["id", 1], ["LIMIT", 1]]
  [1m[36mTRANSACTION (0.0ms)[0m  [1m[36mbegin transaction[0m
  [1m[36mArticle Create (1.0ms)[0m  [1m[32mINSERT INTO "articles" ("title", "content", "description", "user_id", "created_at", "updated_at") VALUES (?, ?, ?, ?, ?, ?) RETURNING "id"[0m  [["title", "title3"], ["content", "content3"], ["description", "description3"], ["user_id", 1], ["created_at", "2024-02-12 12:36:56.054356"], ["updated_at", "2024-02-12 12:36:56.054356"]]
  [1m[36mTRANSACTION (0.4ms)[0m  [1m[36mcommit transaction[0m
Started GET "/articles" for ::1 at 2024-02-12 21:37:00 +0900
Processing by ArticlesController#index as HTML
  [1m[36mArticle Load (0.1ms)[0m  [1m[34mSELECT "articles".* FROM "articles"[0m
  ↳ app/controllers/articles_controller.rb:4:in `index'
  [1m[36mUser Load (0.4ms)[0m  [1m[34mSELECT "users".* FROM "users" WHERE "users"."id" = ?[0m  [["id", 1]]
  ↳ app/controllers/articles_controller.rb:4:in `index'
Completed 200 OK in 5ms (Views: 0.2ms | ActiveRecord: 0.5ms | Allocations: 1461)


Started GET "/articles" for ::1 at 2024-02-12 21:37:00 +0900
Processing by ArticlesController#index as HTML
  [1m[36mArticle Load (0.0ms)[0m  [1m[34mSELECT "articles".* FROM "articles"[0m
  ↳ app/controllers/articles_controller.rb:4:in `index'
  [1m[36mUser Load (0.0ms)[0m  [1m[34mSELECT "users".* FROM "users" WHERE "users"."id" = ?[0m  [["id", 1]]
  ↳ app/controllers/articles_controller.rb:4:in `index'
Completed 200 OK in 1ms (Views: 0.1ms | ActiveRecord: 0.1ms | Allocations: 1461)


Started GET "/articles" for ::1 at 2024-02-12 21:38:13 +0900
Processing by ArticlesController#index as HTML
  [1m[36mArticle Load (0.1ms)[0m  [1m[34mSELECT "articles".* FROM "articles" ORDER BY "desc" ASC LIMIT ?[0m  [["LIMIT", 10]]
  ↳ app/controllers/articles_controller.rb:4:in `index'
Completed 500 Internal Server Error in 3ms (ActiveRecord: 0.8ms | Allocations: 2392)


  
ActiveRecord::StatementInvalid (SQLite3::SQLException: no such column: desc):
  
Started GET "/articles" for ::1 at 2024-02-12 21:38:13 +0900
Processing by ArticlesController#index as HTML
  [1m[36mArticle Load (0.1ms)[0m  [1m[34mSELECT "articles".* FROM "articles" ORDER BY "desc" ASC LIMIT ?[0m  [["LIMIT", 10]]
  ↳ app/controllers/articles_controller.rb:4:in `index'
Completed 500 Internal Server Error in 1ms (ActiveRecord: 0.1ms | Allocations: 560)


  
ActiveRecord::StatementInvalid (SQLite3::SQLException: no such column: desc):
  
Started GET "/articles" for ::1 at 2024-02-12 21:39:21 +0900
Processing by ArticlesController#index as HTML
Completed 500 Internal Server Error in 2ms (ActiveRecord: 0.5ms | Allocations: 1412)


  
ArgumentError (Direction "create_at" is invalid. Valid directions are: [:asc, :desc, :ASC, :DESC, "asc", "desc", "ASC", "DESC"]):
  
app/controllers/articles_controller.rb:3:in `index'
Started GET "/articles" for ::1 at 2024-02-12 21:39:21 +0900
Processing by ArticlesController#index as HTML
Completed 500 Internal Server Error in 0ms (ActiveRecord: 0.0ms | Allocations: 131)


  
ArgumentError (Direction "create_at" is invalid. Valid directions are: [:asc, :desc, :ASC, :DESC, "asc", "desc", "ASC", "DESC"]):
  
app/controllers/articles_controller.rb:3:in `index'
Started GET "/articles" for ::1 at 2024-02-12 21:39:22 +0900
Processing by ArticlesController#index as HTML
Completed 500 Internal Server Error in 0ms (ActiveRecord: 0.0ms | Allocations: 131)


  
ArgumentError (Direction "create_at" is invalid. Valid directions are: [:asc, :desc, :ASC, :DESC, "asc", "desc", "ASC", "DESC"]):
  
app/controllers/articles_controller.rb:3:in `index'
Started GET "/articles" for ::1 at 2024-02-12 21:39:22 +0900
Processing by ArticlesController#index as HTML
Completed 500 Internal Server Error in 0ms (ActiveRecord: 0.0ms | Allocations: 131)


  
ArgumentError (Direction "create_at" is invalid. Valid directions are: [:asc, :desc, :ASC, :DESC, "asc", "desc", "ASC", "DESC"]):
  
app/controllers/articles_controller.rb:3:in `index'
Started GET "/articles" for ::1 at 2024-02-12 21:39:49 +0900
Processing by ArticlesController#index as HTML
  [1m[36mArticle Load (0.1ms)[0m  [1m[34mSELECT "articles".* FROM "articles" ORDER BY "create_at" DESC LIMIT ?[0m  [["LIMIT", 10]]
  ↳ app/controllers/articles_controller.rb:4:in `index'
Completed 500 Internal Server Error in 2ms (ActiveRecord: 0.7ms | Allocations: 2290)


  
ActiveRecord::StatementInvalid (SQLite3::SQLException: no such column: create_at):
  
Started GET "/articles" for ::1 at 2024-02-12 21:39:49 +0900
Processing by ArticlesController#index as HTML
  [1m[36mArticle Load (0.1ms)[0m  [1m[34mSELECT "articles".* FROM "articles" ORDER BY "create_at" DESC LIMIT ?[0m  [["LIMIT", 10]]
  ↳ app/controllers/articles_controller.rb:4:in `index'
Completed 500 Internal Server Error in 1ms (ActiveRecord: 0.1ms | Allocations: 570)


  
ActiveRecord::StatementInvalid (SQLite3::SQLException: no such column: create_at):
  
Started GET "/articles" for ::1 at 2024-02-12 21:40:10 +0900
Processing by ArticlesController#index as HTML
  [1m[36mArticle Load (0.4ms)[0m  [1m[34mSELECT "articles".* FROM "articles" ORDER BY "create_at" DESC LIMIT ?[0m  [["LIMIT", 10]]
  ↳ app/controllers/articles_controller.rb:4:in `index'
Completed 500 Internal Server Error in 2ms (ActiveRecord: 0.4ms | Allocations: 567)


  
ActiveRecord::StatementInvalid (SQLite3::SQLException: no such column: create_at):
  
Started GET "/articles" for ::1 at 2024-02-12 21:40:22 +0900
Processing by ArticlesController#index as HTML
  [1m[36mArticle Load (0.3ms)[0m  [1m[34mSELECT "articles".* FROM "articles" ORDER BY "articles"."created_at" DESC LIMIT ?[0m  [["LIMIT", 10]]
  ↳ app/controllers/articles_controller.rb:4:in `index'
  [1m[36mUser Load (0.0ms)[0m  [1m[34mSELECT "users".* FROM "users" WHERE "users"."id" = ?[0m  [["id", 1]]
  ↳ app/controllers/articles_controller.rb:4:in `index'
Completed 200 OK in 6ms (Views: 0.1ms | ActiveRecord: 1.2ms | Allocations: 10140)


Started GET "/articles" for ::1 at 2024-02-12 21:40:32 +0900
Processing by ArticlesController#index as HTML
  [1m[36mArticle Load (0.1ms)[0m  [1m[34mSELECT "articles".* FROM "articles" ORDER BY "articles"."created_at" DESC LIMIT ?[0m  [["LIMIT", 10]]
  ↳ app/controllers/articles_controller.rb:4:in `index'
  [1m[36mUser Load (0.1ms)[0m  [1m[34mSELECT "users".* FROM "users" WHERE "users"."id" = ?[0m  [["id", 1]]
  ↳ app/controllers/articles_controller.rb:4:in `index'
Completed 200 OK in 3ms (Views: 0.1ms | ActiveRecord: 0.2ms | Allocations: 1507)


Started GET "/articles" for ::1 at 2024-02-12 21:40:32 +0900
Processing by ArticlesController#index as HTML
  [1m[36mArticle Load (0.1ms)[0m  [1m[34mSELECT "articles".* FROM "articles" ORDER BY "articles"."created_at" DESC LIMIT ?[0m  [["LIMIT", 10]]
  ↳ app/controllers/articles_controller.rb:4:in `index'
  [1m[36mUser Load (0.0ms)[0m  [1m[34mSELECT "users".* FROM "users" WHERE "users"."id" = ?[0m  [["id", 1]]
  ↳ app/controllers/articles_controller.rb:4:in `index'
Completed 200 OK in 2ms (Views: 0.2ms | ActiveRecord: 0.1ms | Allocations: 1499)


Started GET "/articles" for ::1 at 2024-02-12 21:40:57 +0900
Processing by ArticlesController#index as HTML
  [1m[36mArticle Load (0.6ms)[0m  [1m[34mSELECT "articles".* FROM "articles" ORDER BY "articles"."created_at" DESC LIMIT ?[0m  [["LIMIT", 2]]
  ↳ app/controllers/articles_controller.rb:4:in `index'
  [1m[36mUser Load (0.0ms)[0m  [1m[34mSELECT "users".* FROM "users" WHERE "users"."id" = ?[0m  [["id", 1]]
  ↳ app/controllers/articles_controller.rb:4:in `index'
Completed 200 OK in 8ms (Views: 0.1ms | ActiveRecord: 1.8ms | Allocations: 9958)


Started GET "/articles" for ::1 at 2024-02-12 21:40:57 +0900
Processing by ArticlesController#index as HTML
  [1m[36mArticle Load (0.0ms)[0m  [1m[34mSELECT "articles".* FROM "articles" ORDER BY "articles"."created_at" DESC LIMIT ?[0m  [["LIMIT", 2]]
  ↳ app/controllers/articles_controller.rb:4:in `index'
  [1m[36mUser Load (0.0ms)[0m  [1m[34mSELECT "users".* FROM "users" WHERE "users"."id" = ?[0m  [["id", 1]]
  ↳ app/controllers/articles_controller.rb:4:in `index'
Completed 200 OK in 2ms (Views: 0.1ms | ActiveRecord: 0.1ms | Allocations: 1418)


Started GET "/articles" for ::1 at 2024-02-12 21:41:11 +0900
Processing by ArticlesController#index as HTML
  [1m[36mArticle Load (0.0ms)[0m  [1m[34mSELECT "articles".* FROM "articles" ORDER BY "articles"."created_at" DESC LIMIT ?[0m  [["LIMIT", 10]]
  ↳ app/controllers/articles_controller.rb:4:in `index'
  [1m[36mUser Load (0.0ms)[0m  [1m[34mSELECT "users".* FROM "users" WHERE "users"."id" = ?[0m  [["id", 1]]
  ↳ app/controllers/articles_controller.rb:4:in `index'
Completed 200 OK in 7ms (Views: 0.1ms | ActiveRecord: 0.9ms | Allocations: 10048)


Started GET "/articles" for ::1 at 2024-02-12 21:41:11 +0900
Processing by ArticlesController#index as HTML
  [1m[36mArticle Load (0.1ms)[0m  [1m[34mSELECT "articles".* FROM "articles" ORDER BY "articles"."created_at" DESC LIMIT ?[0m  [["LIMIT", 10]]
  ↳ app/controllers/articles_controller.rb:4:in `index'
  [1m[36mUser Load (0.0ms)[0m  [1m[34mSELECT "users".* FROM "users" WHERE "users"."id" = ?[0m  [["id", 1]]
  ↳ app/controllers/articles_controller.rb:4:in `index'
Completed 200 OK in 1ms (Views: 0.0ms | ActiveRecord: 0.1ms | Allocations: 1508)


